<?xml version="1.0" encoding="UTF-8"?>
<testsuite name="IterTest" tests="8" skipped="0" failures="0" errors="0" timestamp="2020-11-02T17:02:54" hostname="nazar-laptop" time="0.032">
  <properties/>
  <testcase name="TestTransformForFloat" classname="IterTest" time="0.018"/>
  <testcase name="TestTransformForInt" classname="IterTest" time="0.001"/>
  <testcase name="TestTransformForStr" classname="IterTest" time="0.001"/>
  <testcase name="TestFilterForBool" classname="IterTest" time="0.002"/>
  <testcase name="TestFilterForFloat" classname="IterTest" time="0.001"/>
  <testcase name="TestTransformForBool" classname="IterTest" time="0.001"/>
  <testcase name="TestFilterForInt" classname="IterTest" time="0.001"/>
  <testcase name="TestFilterForStr" classname="IterTest" time="0.002"/>
  <system-out><![CDATA[3.0
6.0
9.0
]]></system-out>
  <system-err><![CDATA[]]></system-err>
</testsuite>
